<?xml version="1.0" encoding="UTF-8"?>
<coverage generated="1683995389512" clover="3.2.0">
  <project timestamp="1683995389512" name="All files">
    <metrics statements="73" coveredstatements="64" conditionals="34" coveredconditionals="34" methods="9" coveredmethods="4" elements="116" coveredelements="102" complexity="0" loc="73" ncloc="73" packages="1" files="1" classes="1"/>
    <file name="catalog.js" path="/app/static/js/catalog.js">
      <metrics statements="73" coveredstatements="64" conditionals="34" coveredconditionals="34" methods="9" coveredmethods="4"/>
      <line num="2" count="17" type="stmt"/>
      <line num="3" count="17" type="stmt"/>
      <line num="4" count="17" type="stmt"/>
      <line num="5" count="17" type="stmt"/>
      <line num="6" count="17" type="stmt"/>
      <line num="8" count="17" type="stmt"/>
      <line num="10" count="17" type="stmt"/>
      <line num="16" count="17" type="cond" truecount="2" falsecount="0"/>
      <line num="17" count="8" type="stmt"/>
      <line num="18" count="39" type="cond" truecount="2" falsecount="0"/>
      <line num="19" count="21" type="stmt"/>
      <line num="21" count="18" type="cond" truecount="2" falsecount="0"/>
      <line num="22" count="15" type="stmt"/>
      <line num="30" count="0" type="stmt"/>
      <line num="31" count="0" type="stmt"/>
      <line num="38" count="0" type="stmt"/>
      <line num="41" count="0" type="stmt"/>
      <line num="42" count="0" type="stmt"/>
      <line num="51" count="0" type="stmt"/>
      <line num="52" count="0" type="stmt"/>
      <line num="53" count="0" type="stmt"/>
      <line num="54" count="0" type="stmt"/>
      <line num="60" count="15" type="stmt"/>
      <line num="63" count="15" type="stmt"/>
      <line num="64" count="15" type="stmt"/>
      <line num="65" count="15" type="stmt"/>
      <line num="66" count="15" type="stmt"/>
      <line num="69" count="15" type="stmt"/>
      <line num="71" count="60" type="stmt"/>
      <line num="72" count="60" type="stmt"/>
      <line num="75" count="60" type="stmt"/>
      <line num="76" count="60" type="stmt"/>
      <line num="77" count="60" type="stmt"/>
      <line num="78" count="60" type="stmt"/>
      <line num="81" count="60" type="stmt"/>
      <line num="82" count="60" type="stmt"/>
      <line num="83" count="60" type="stmt"/>
      <line num="84" count="60" type="stmt"/>
      <line num="87" count="60" type="stmt"/>
      <line num="88" count="60" type="cond" truecount="2" falsecount="0"/>
      <line num="89" count="15" type="stmt"/>
      <line num="92" count="45" type="stmt"/>
      <line num="93" count="45" type="stmt"/>
      <line num="94" count="45" type="stmt"/>
      <line num="95" count="195" type="cond" truecount="2" falsecount="0"/>
      <line num="96" count="15" type="stmt"/>
      <line num="97" count="15" type="stmt"/>
      <line num="100" count="45" type="cond" truecount="2" falsecount="0"/>
      <line num="101" count="30" type="stmt"/>
      <line num="103" count="45" type="stmt"/>
      <line num="106" count="60" type="stmt"/>
      <line num="109" count="60" type="stmt"/>
      <line num="110" count="60" type="stmt"/>
      <line num="111" count="60" type="stmt"/>
      <line num="112" count="60" type="stmt"/>
      <line num="115" count="60" type="cond" truecount="2" falsecount="0"/>
      <line num="116" count="16" type="cond" truecount="2" falsecount="0"/>
      <line num="117" count="3" type="stmt"/>
      <line num="120" count="60" type="cond" truecount="2" falsecount="0"/>
      <line num="121" count="20" type="cond" truecount="2" falsecount="0"/>
      <line num="122" count="8" type="stmt"/>
      <line num="125" count="60" type="cond" truecount="2" falsecount="0"/>
      <line num="126" count="8" type="cond" truecount="2" falsecount="0"/>
      <line num="127" count="6" type="stmt"/>
      <line num="130" count="60" type="cond" truecount="2" falsecount="0"/>
      <line num="131" count="12" type="cond" truecount="2" falsecount="0"/>
      <line num="132" count="9" type="stmt"/>
      <line num="135" count="60" type="cond" truecount="2" falsecount="0"/>
      <line num="136" count="8" type="cond" truecount="2" falsecount="0"/>
      <line num="137" count="6" type="stmt"/>
      <line num="142" count="60" type="cond" truecount="2" falsecount="0"/>
      <line num="143" count="37" type="stmt"/>
      <line num="150" count="1" type="stmt"/>
    </file>
  </project>
</coverage>
