{"/app/static/js/catalog.js": {"path":"/app/static/js/catalog.js","statementMap":{"0":{"start":{"line":2,"column":18},"end":{"line":2,"column":60}},"1":{"start":{"line":3,"column":18},"end":{"line":3,"column":60}},"2":{"start":{"line":4,"column":12},"end":{"line":4,"column":52}},"3":{"start":{"line":5,"column":11},"end":{"line":5,"column":50}},"4":{"start":{"line":6,"column":14},"end":{"line":6,"column":56}},"5":{"start":{"line":8,"column":2},"end":{"line":8,"column":52}},"6":{"start":{"line":10,"column":2},"end":{"line":10,"column":18}},"7":{"start":{"line":16,"column":2},"end":{"line":25,"column":3}},"8":{"start":{"line":17,"column":4},"end":{"line":24,"column":7}},"9":{"start":{"line":18,"column":6},"end":{"line":20,"column":7}},"10":{"start":{"line":19,"column":8},"end":{"line":19,"column":39}},"11":{"start":{"line":21,"column":6},"end":{"line":23,"column":7}},"12":{"start":{"line":22,"column":8},"end":{"line":22,"column":39}},"13":{"start":{"line":30,"column":2},"end":{"line":45,"column":5}},"14":{"start":{"line":31,"column":4},"end":{"line":44,"column":7}},"15":{"start":{"line":38,"column":8},"end":{"line":38,"column":26}},"16":{"start":{"line":41,"column":8},"end":{"line":41,"column":38}},"17":{"start":{"line":42,"column":8},"end":{"line":42,"column":22}},"18":{"start":{"line":51,"column":19},"end":{"line":51,"column":46}},"19":{"start":{"line":52,"column":13},"end":{"line":52,"column":26}},"20":{"start":{"line":53,"column":16},"end":{"line":53,"column":32}},"21":{"start":{"line":54,"column":2},"end":{"line":54,"column":36}},"22":{"start":{"line":60,"column":2},"end":{"line":60,"column":26}},"23":{"start":{"line":63,"column":14},"end":{"line":63,"column":51}},"24":{"start":{"line":64,"column":2},"end":{"line":64,"column":40}},"25":{"start":{"line":65,"column":14},"end":{"line":65,"column":52}},"26":{"start":{"line":66,"column":2},"end":{"line":66,"column":23}},"27":{"start":{"line":69,"column":2},"end":{"line":146,"column":3}},"28":{"start":{"line":69,"column":15},"end":{"line":69,"column":16}},"29":{"start":{"line":71,"column":20},"end":{"line":71,"column":24}},"30":{"start":{"line":72,"column":14},"end":{"line":72,"column":42}},"31":{"start":{"line":75,"column":16},"end":{"line":75,"column":44}},"32":{"start":{"line":76,"column":4},"end":{"line":76,"column":36}},"33":{"start":{"line":77,"column":4},"end":{"line":77,"column":33}},"34":{"start":{"line":78,"column":4},"end":{"line":78,"column":27}},"35":{"start":{"line":81,"column":15},"end":{"line":81,"column":43}},"36":{"start":{"line":82,"column":4},"end":{"line":82,"column":34}},"37":{"start":{"line":83,"column":4},"end":{"line":83,"column":31}},"38":{"start":{"line":84,"column":4},"end":{"line":84,"column":26}},"39":{"start":{"line":87,"column":16},"end":{"line":87,"column":44}},"40":{"start":{"line":88,"column":4},"end":{"line":104,"column":5}},"41":{"start":{"line":89,"column":6},"end":{"line":89,"column":31}},"42":{"start":{"line":92,"column":6},"end":{"line":92,"column":44}},"43":{"start":{"line":93,"column":25},"end":{"line":93,"column":29}},"44":{"start":{"line":94,"column":6},"end":{"line":99,"column":7}},"45":{"start":{"line":95,"column":8},"end":{"line":98,"column":9}},"46":{"start":{"line":96,"column":10},"end":{"line":96,"column":31}},"47":{"start":{"line":97,"column":10},"end":{"line":97,"column":16}},"48":{"start":{"line":100,"column":6},"end":{"line":102,"column":7}},"49":{"start":{"line":101,"column":8},"end":{"line":101,"column":54}},"50":{"start":{"line":103,"column":6},"end":{"line":103,"column":35}},"51":{"start":{"line":106,"column":4},"end":{"line":106,"column":27}},"52":{"start":{"line":109,"column":20},"end":{"line":109,"column":48}},"53":{"start":{"line":110,"column":4},"end":{"line":110,"column":44}},"54":{"start":{"line":111,"column":4},"end":{"line":111,"column":41}},"55":{"start":{"line":112,"column":4},"end":{"line":112,"column":31}},"56":{"start":{"line":115,"column":4},"end":{"line":119,"column":5}},"57":{"start":{"line":116,"column":6},"end":{"line":118,"column":7}},"58":{"start":{"line":117,"column":8},"end":{"line":117,"column":26}},"59":{"start":{"line":120,"column":4},"end":{"line":124,"column":5}},"60":{"start":{"line":121,"column":6},"end":{"line":123,"column":7}},"61":{"start":{"line":122,"column":8},"end":{"line":122,"column":26}},"62":{"start":{"line":125,"column":4},"end":{"line":129,"column":5}},"63":{"start":{"line":126,"column":6},"end":{"line":128,"column":7}},"64":{"start":{"line":127,"column":8},"end":{"line":127,"column":26}},"65":{"start":{"line":130,"column":4},"end":{"line":134,"column":5}},"66":{"start":{"line":131,"column":6},"end":{"line":133,"column":7}},"67":{"start":{"line":132,"column":8},"end":{"line":132,"column":26}},"68":{"start":{"line":135,"column":4},"end":{"line":139,"column":5}},"69":{"start":{"line":136,"column":6},"end":{"line":138,"column":7}},"70":{"start":{"line":137,"column":8},"end":{"line":137,"column":26}},"71":{"start":{"line":142,"column":4},"end":{"line":144,"column":5}},"72":{"start":{"line":143,"column":6},"end":{"line":143,"column":29}},"73":{"start":{"line":150,"column":0},"end":{"line":156,"column":2}}},"fnMap":{"0":{"name":"ReturnResponse","decl":{"start":{"line":1,"column":9},"end":{"line":1,"column":23}},"loc":{"start":{"line":1,"column":26},"end":{"line":11,"column":1}},"line":1},"1":{"name":"SortTable","decl":{"start":{"line":13,"column":9},"end":{"line":13,"column":18}},"loc":{"start":{"line":13,"column":33},"end":{"line":26,"column":1}},"line":13},"2":{"name":"(anonymous_2)","decl":{"start":{"line":17,"column":14},"end":{"line":17,"column":15}},"loc":{"start":{"line":17,"column":36},"end":{"line":24,"column":5}},"line":17},"3":{"name":"RequestTable","decl":{"start":{"line":29,"column":9},"end":{"line":29,"column":21}},"loc":{"start":{"line":29,"column":31},"end":{"line":46,"column":1}},"line":29},"4":{"name":"(anonymous_4)","decl":{"start":{"line":30,"column":21},"end":{"line":30,"column":22}},"loc":{"start":{"line":30,"column":47},"end":{"line":45,"column":3}},"line":30},"5":{"name":"(anonymous_5)","decl":{"start":{"line":37,"column":15},"end":{"line":37,"column":16}},"loc":{"start":{"line":37,"column":35},"end":{"line":39,"column":7}},"line":37},"6":{"name":"(anonymous_6)","decl":{"start":{"line":40,"column":13},"end":{"line":40,"column":14}},"loc":{"start":{"line":40,"column":30},"end":{"line":43,"column":7}},"line":40},"7":{"name":"SortFunction","decl":{"start":{"line":49,"column":15},"end":{"line":49,"column":27}},"loc":{"start":{"line":49,"column":45},"end":{"line":55,"column":1}},"line":49},"8":{"name":"BuildTable","decl":{"start":{"line":58,"column":9},"end":{"line":58,"column":19}},"loc":{"start":{"line":58,"column":43},"end":{"line":147,"column":1}},"line":58}},"branchMap":{"0":{"loc":{"start":{"line":16,"column":2},"end":{"line":25,"column":3}},"type":"if","locations":[{"start":{"line":16,"column":2},"end":{"line":25,"column":3}},{"start":{},"end":{}}],"line":16},"1":{"loc":{"start":{"line":18,"column":6},"end":{"line":20,"column":7}},"type":"if","locations":[{"start":{"line":18,"column":6},"end":{"line":20,"column":7}},{"start":{},"end":{}}],"line":18},"2":{"loc":{"start":{"line":21,"column":6},"end":{"line":23,"column":7}},"type":"if","locations":[{"start":{"line":21,"column":6},"end":{"line":23,"column":7}},{"start":{},"end":{}}],"line":21},"3":{"loc":{"start":{"line":88,"column":4},"end":{"line":104,"column":5}},"type":"if","locations":[{"start":{"line":88,"column":4},"end":{"line":104,"column":5}},{"start":{"line":91,"column":9},"end":{"line":104,"column":5}}],"line":88},"4":{"loc":{"start":{"line":95,"column":8},"end":{"line":98,"column":9}},"type":"if","locations":[{"start":{"line":95,"column":8},"end":{"line":98,"column":9}},{"start":{},"end":{}}],"line":95},"5":{"loc":{"start":{"line":100,"column":6},"end":{"line":102,"column":7}},"type":"if","locations":[{"start":{"line":100,"column":6},"end":{"line":102,"column":7}},{"start":{},"end":{}}],"line":100},"6":{"loc":{"start":{"line":115,"column":4},"end":{"line":119,"column":5}},"type":"if","locations":[{"start":{"line":115,"column":4},"end":{"line":119,"column":5}},{"start":{},"end":{}}],"line":115},"7":{"loc":{"start":{"line":116,"column":6},"end":{"line":118,"column":7}},"type":"if","locations":[{"start":{"line":116,"column":6},"end":{"line":118,"column":7}},{"start":{},"end":{}}],"line":116},"8":{"loc":{"start":{"line":120,"column":4},"end":{"line":124,"column":5}},"type":"if","locations":[{"start":{"line":120,"column":4},"end":{"line":124,"column":5}},{"start":{},"end":{}}],"line":120},"9":{"loc":{"start":{"line":121,"column":6},"end":{"line":123,"column":7}},"type":"if","locations":[{"start":{"line":121,"column":6},"end":{"line":123,"column":7}},{"start":{},"end":{}}],"line":121},"10":{"loc":{"start":{"line":125,"column":4},"end":{"line":129,"column":5}},"type":"if","locations":[{"start":{"line":125,"column":4},"end":{"line":129,"column":5}},{"start":{},"end":{}}],"line":125},"11":{"loc":{"start":{"line":126,"column":6},"end":{"line":128,"column":7}},"type":"if","locations":[{"start":{"line":126,"column":6},"end":{"line":128,"column":7}},{"start":{},"end":{}}],"line":126},"12":{"loc":{"start":{"line":130,"column":4},"end":{"line":134,"column":5}},"type":"if","locations":[{"start":{"line":130,"column":4},"end":{"line":134,"column":5}},{"start":{},"end":{}}],"line":130},"13":{"loc":{"start":{"line":131,"column":6},"end":{"line":133,"column":7}},"type":"if","locations":[{"start":{"line":131,"column":6},"end":{"line":133,"column":7}},{"start":{},"end":{}}],"line":131},"14":{"loc":{"start":{"line":135,"column":4},"end":{"line":139,"column":5}},"type":"if","locations":[{"start":{"line":135,"column":4},"end":{"line":139,"column":5}},{"start":{},"end":{}}],"line":135},"15":{"loc":{"start":{"line":136,"column":6},"end":{"line":138,"column":7}},"type":"if","locations":[{"start":{"line":136,"column":6},"end":{"line":138,"column":7}},{"start":{},"end":{}}],"line":136},"16":{"loc":{"start":{"line":142,"column":4},"end":{"line":144,"column":5}},"type":"if","locations":[{"start":{"line":142,"column":4},"end":{"line":144,"column":5}},{"start":{},"end":{}}],"line":142}},"s":{"0":17,"1":17,"2":17,"3":17,"4":17,"5":17,"6":17,"7":17,"8":8,"9":39,"10":21,"11":18,"12":15,"13":0,"14":0,"15":0,"16":0,"17":0,"18":0,"19":0,"20":0,"21":0,"22":15,"23":15,"24":15,"25":15,"26":15,"27":15,"28":15,"29":60,"30":60,"31":60,"32":60,"33":60,"34":60,"35":60,"36":60,"37":60,"38":60,"39":60,"40":60,"41":15,"42":45,"43":45,"44":45,"45":195,"46":15,"47":15,"48":45,"49":30,"50":45,"51":60,"52":60,"53":60,"54":60,"55":60,"56":60,"57":16,"58":3,"59":60,"60":20,"61":8,"62":60,"63":8,"64":6,"65":60,"66":12,"67":9,"68":60,"69":8,"70":6,"71":60,"72":37,"73":1},"f":{"0":17,"1":17,"2":39,"3":0,"4":0,"5":0,"6":0,"7":0,"8":15},"b":{"0":[8,9],"1":[21,18],"2":[15,3],"3":[15,45],"4":[15,180],"5":[30,15],"6":[16,44],"7":[3,13],"8":[20,40],"9":[8,12],"10":[8,52],"11":[6,2],"12":[12,48],"13":[9,3],"14":[8,52],"15":[6,2],"16":[37,23]},"_coverageSchema":"1a1c01bbd47fc00a2c39e90264f33305004495a9","hash":"92ab5003a2c308cd24c0aac9d757f4756e46203f"}
}
