TN:
SF:static/js/catalog.js
FN:1,ReturnResponse
FN:13,SortTable
FN:17,(anonymous_2)
FN:29,RequestTable
FN:30,(anonymous_4)
FN:37,(anonymous_5)
FN:40,(anonymous_6)
FN:49,SortFunction
FN:58,BuildTable
FNF:9
FNH:4
FNDA:17,ReturnResponse
FNDA:17,SortTable
FNDA:39,(anonymous_2)
FNDA:0,RequestTable
FNDA:0,(anonymous_4)
FNDA:0,(anonymous_5)
FNDA:0,(anonymous_6)
FNDA:0,SortFunction
FNDA:15,BuildTable
DA:2,17
DA:3,17
DA:4,17
DA:5,17
DA:6,17
DA:8,17
DA:10,17
DA:16,17
DA:17,8
DA:18,39
DA:19,21
DA:21,18
DA:22,15
DA:30,0
DA:31,0
DA:38,0
DA:41,0
DA:42,0
DA:51,0
DA:52,0
DA:53,0
DA:54,0
DA:60,15
DA:63,15
DA:64,15
DA:65,15
DA:66,15
DA:69,15
DA:71,60
DA:72,60
DA:75,60
DA:76,60
DA:77,60
DA:78,60
DA:81,60
DA:82,60
DA:83,60
DA:84,60
DA:87,60
DA:88,60
DA:89,15
DA:92,45
DA:93,45
DA:94,45
DA:95,195
DA:96,15
DA:97,15
DA:100,45
DA:101,30
DA:103,45
DA:106,60
DA:109,60
DA:110,60
DA:111,60
DA:112,60
DA:115,60
DA:116,16
DA:117,3
DA:120,60
DA:121,20
DA:122,8
DA:125,60
DA:126,8
DA:127,6
DA:130,60
DA:131,12
DA:132,9
DA:135,60
DA:136,8
DA:137,6
DA:142,60
DA:143,37
DA:150,1
LF:73
LH:64
BRDA:16,0,0,8
BRDA:16,0,1,9
BRDA:18,1,0,21
BRDA:18,1,1,18
BRDA:21,2,0,15
BRDA:21,2,1,3
BRDA:88,3,0,15
BRDA:88,3,1,45
BRDA:95,4,0,15
BRDA:95,4,1,180
BRDA:100,5,0,30
BRDA:100,5,1,15
BRDA:115,6,0,16
BRDA:115,6,1,44
BRDA:116,7,0,3
BRDA:116,7,1,13
BRDA:120,8,0,20
BRDA:120,8,1,40
BRDA:121,9,0,8
BRDA:121,9,1,12
BRDA:125,10,0,8
BRDA:125,10,1,52
BRDA:126,11,0,6
BRDA:126,11,1,2
BRDA:130,12,0,12
BRDA:130,12,1,48
BRDA:131,13,0,9
BRDA:131,13,1,3
BRDA:135,14,0,8
BRDA:135,14,1,52
BRDA:136,15,0,6
BRDA:136,15,1,2
BRDA:142,16,0,37
BRDA:142,16,1,23
BRF:34
BRH:34
end_of_record
